Generated at 2017-03-16 14:49:53 +0530
Mixlib::ShellOut::ShellCommandFailed: script[zipthefile] (zipcook::default line 13) had an error: Mixlib::ShellOut::ShellCommandFailed: Expected process to exit with [0], but received '1'
---- Begin output of "bash"  "/tmp/chef-script20170316-32513-1cmsxxr" ----
STDOUT: 
STDERR: /opt/chef/embedded/lib/ruby/gems/2.3.0/gems/mixlib-shellout-2.2.7/lib/mixlib/shellout/unix.rb:183:in `chdir': No such file or directory @ dir_chdir - /root/zipcook/recipes/ (Errno::ENOENT)
	from /opt/chef/embedded/lib/ruby/gems/2.3.0/gems/mixlib-shellout-2.2.7/lib/mixlib/shellout/unix.rb:183:in `set_cwd'
	from /opt/chef/embedded/lib/ruby/gems/2.3.0/gems/mixlib-shellout-2.2.7/lib/mixlib/shellout/unix.rb:335:in `block in fork_subprocess'
	from /opt/chef/embedded/lib/ruby/gems/2.3.0/gems/mixlib-shellout-2.2.7/lib/mixlib/shellout/unix.rb:316:in `fork'
	from /opt/chef/embedded/lib/ruby/gems/2.3.0/gems/mixlib-shellout-2.2.7/lib/mixlib/shellout/unix.rb:316:in `fork_subprocess'
	from /opt/chef/embedded/lib/ruby/gems/2.3.0/gems/mixlib-shellout-2.2.7/lib/mixlib/shellout/unix.rb:93:in `run_command'
	from /opt/chef/embedded/lib/ruby/gems/2.3.0/gems/mixlib-shellout-2.2.7/lib/mixlib/shellout.rb:259:in `run_command'
	from /opt/chef/embedded/lib/ruby/gems/2.3.0/gems/chef-12.17.44/lib/chef/mixin/shell_out.rb:116:in `shell_out_command'
	from /opt/chef/embedded/lib/ruby/gems/2.3.0/gems/chef-12.17.44/lib/chef/mixin/shell_out.rb:39:in `shell_out'
	from /opt/chef/embedded/lib/ruby/gems/2.3.0/gems/chef-12.17.44/lib/chef/mixin/shell_out.rb:44:in `shell_out!'
	from /opt/chef/embedded/lib/ruby/gems/2.3.0/gems/chef-12.17.44/lib/chef/provider/execute.rb:62:in `block in action_run'
	from /opt/chef/embedded/lib/ruby/gems/2.3.0/gems/chef-12.17.44/lib/chef/mixin/why_run.rb:52:in `add_action'
	from /opt/chef/embedded/lib/ruby/gems/2.3.0/gems/chef-12.17.44/lib/chef/provider.rb:176:in `converge_by'
	from /opt/chef/embedded/lib/ruby/gems/2.3.0/gems/chef-12.17.44/lib/chef/provider/execute.rb:60:in `action_run'
	from /opt/chef/embedded/lib/ruby/gems/2.3.0/gems/chef-12.17.44/lib/chef/provider/script.rb:63:in `action_run'
	from /opt/chef/embedded/lib/ruby/gems/2.3.0/gems/chef-12.17.44/lib/chef/provider.rb:145:in `run_action'
	from /opt/chef/embedded/lib/ruby/gems/2.3.0/gems/chef-12.17.44/lib/chef/resource.rb:622:in `run_action'
	from /opt/chef/embedded/lib/ruby/gems/2.3.0/gems/chef-12.17.44/lib/chef/runner.rb:69:in `run_action'
	from /opt/chef/embedded/lib/ruby/gems/2.3.0/gems/chef-12.17.44/lib/chef/runner.rb:97:in `block (2 levels) in converge'
	from /opt/chef/embedded/lib/ruby/gems/2.3.0/gems/chef-12.17.44/lib/chef/runner.rb:97:in `each'
	from /opt/chef/embedded/lib/ruby/gems/2.3.0/gems/chef-12.17.44/lib/chef/runner.rb:97:in `block in converge'
	from /opt/chef/embedded/lib/ruby/gems/2.3.0/gems/chef-12.17.44/lib/chef/resource_collection/resource_list.rb:94:in `block in execute_each_resource'
	from /opt/chef/embedded/lib/ruby/gems/2.3.0/gems/chef-12.17.44/lib/chef/resource_collection/stepable_iterator.rb:114:in `call_iterator_block'
	from /opt/chef/embedded/lib/ruby/gems/2.3.0/gems/chef-12.17.44/lib/chef/resource_collection/stepable_iterator.rb:85:in `step'
	from /opt/chef/embedded/lib/ruby/gems/2.3.0/gems/chef-12.17.44/lib/chef/resource_collection/stepable_iterator.rb:103:in `iterate'
	from /opt/chef/embedded/lib/ruby/gems/2.3.0/gems/chef-12.17.44/lib/chef/resource_collection/stepable_iterator.rb:55:in `each_with_index'
	from /opt/chef/embedded/lib/ruby/gems/2.3.0/gems/chef-12.17.44/lib/chef/resource_collection/resource_list.rb:92:in `execute_each_resource'
	from /opt/chef/embedded/lib/ruby/2.3.0/forwardable.rb:189:in `execute_each_resource'
	from /opt/chef/embedded/lib/ruby/gems/2.3.0/gems/chef-12.17.44/lib/chef/runner.rb:96:in `converge'
	from /opt/chef/embedded/lib/ruby/gems/2.3.0/gems/chef-12.17.44/lib/chef/client.rb:670:in `block in converge'
	from /opt/chef/embedded/lib/ruby/gems/2.3.0/gems/chef-12.17.44/lib/chef/client.rb:665:in `catch'
	from /opt/chef/embedded/lib/ruby/gems/2.3.0/gems/chef-12.17.44/lib/chef/client.rb:665:in `converge'
	from /opt/chef/embedded/lib/ruby/gems/2.3.0/gems/chef-12.17.44/lib/chef/client.rb:704:in `converge_and_save'
	from /opt/chef/embedded/lib/ruby/gems/2.3.0/gems/chef-12.17.44/lib/chef/client.rb:284:in `run'
	from /opt/chef/embedded/lib/ruby/gems/2.3.0/gems/chef-12.17.44/lib/chef/application.rb:294:in `block in fork_chef_client'
	from /opt/chef/embedded/lib/ruby/gems/2.3.0/gems/chef-12.17.44/lib/chef/application.rb:282:in `fork'
	from /opt/chef/embedded/lib/ruby/gems/2.3.0/gems/chef-12.17.44/lib/chef/application.rb:282:in `fork_chef_client'
	from /opt/chef/embedded/lib/ruby/gems/2.3.0/gems/chef-12.17.44/lib/chef/application.rb:247:in `block in run_chef_client'
	from /opt/chef/embedded/lib/ruby/gems/2.3.0/gems/chef-12.17.44/lib/chef/local_mode.rb:44:in `with_server_connectivity'
	from /opt/chef/embedded/lib/ruby/gems/2.3.0/gems/chef-12.17.44/lib/chef/application.rb:235:in `run_chef_client'
	from /opt/chef/embedded/lib/ruby/gems/2.3.0/gems/chef-12.17.44/lib/chef/application/client.rb:464:in `sleep_then_run_chef_client'
	from /opt/chef/embedded/lib/ruby/gems/2.3.0/gems/chef-12.17.44/lib/chef/application/client.rb:451:in `block in interval_run_chef_client'
	from /opt/chef/embedded/lib/ruby/gems/2.3.0/gems/chef-12.17.44/lib/chef/application/client.rb:450:in `loop'
	from /opt/chef/embedded/lib/ruby/gems/2.3.0/gems/chef-12.17.44/lib/chef/application/client.rb:450:in `interval_run_chef_client'
	from /opt/chef/embedded/lib/ruby/gems/2.3.0/gems/chef-12.17.44/lib/chef/application/client.rb:434:in `run_application'
	from /opt/chef/embedded/lib/ruby/gems/2.3.0/gems/chef-12.17.44/lib/chef/application.rb:59:in `run'
	from /opt/chef/embedded/lib/ruby/gems/2.3.0/gems/chef-12.17.44/bin/chef-client:26:in `<top (required)>'
	from /bin/chef-client:57:in `load'
	from /bin/chef-client:57:in `<main>'
---- End output of "bash"  "/tmp/chef-script20170316-32513-1cmsxxr" ----
Ran "bash"  "/tmp/chef-script20170316-32513-1cmsxxr" returned 1
/opt/chef/embedded/lib/ruby/gems/2.3.0/gems/mixlib-shellout-2.2.7/lib/mixlib/shellout.rb:289:in `invalid!'
/opt/chef/embedded/lib/ruby/gems/2.3.0/gems/mixlib-shellout-2.2.7/lib/mixlib/shellout.rb:276:in `error!'
/opt/chef/embedded/lib/ruby/gems/2.3.0/gems/chef-12.17.44/lib/chef/mixin/shell_out.rb:45:in `shell_out!'
/opt/chef/embedded/lib/ruby/gems/2.3.0/gems/chef-12.17.44/lib/chef/provider/execute.rb:62:in `block in action_run'
/opt/chef/embedded/lib/ruby/gems/2.3.0/gems/chef-12.17.44/lib/chef/mixin/why_run.rb:52:in `add_action'
/opt/chef/embedded/lib/ruby/gems/2.3.0/gems/chef-12.17.44/lib/chef/provider.rb:176:in `converge_by'
/opt/chef/embedded/lib/ruby/gems/2.3.0/gems/chef-12.17.44/lib/chef/provider/execute.rb:60:in `action_run'
/opt/chef/embedded/lib/ruby/gems/2.3.0/gems/chef-12.17.44/lib/chef/provider/script.rb:63:in `action_run'
/opt/chef/embedded/lib/ruby/gems/2.3.0/gems/chef-12.17.44/lib/chef/provider.rb:145:in `run_action'
/opt/chef/embedded/lib/ruby/gems/2.3.0/gems/chef-12.17.44/lib/chef/resource.rb:622:in `run_action'
/opt/chef/embedded/lib/ruby/gems/2.3.0/gems/chef-12.17.44/lib/chef/runner.rb:69:in `run_action'
/opt/chef/embedded/lib/ruby/gems/2.3.0/gems/chef-12.17.44/lib/chef/runner.rb:97:in `block (2 levels) in converge'
/opt/chef/embedded/lib/ruby/gems/2.3.0/gems/chef-12.17.44/lib/chef/runner.rb:97:in `each'
/opt/chef/embedded/lib/ruby/gems/2.3.0/gems/chef-12.17.44/lib/chef/runner.rb:97:in `block in converge'
/opt/chef/embedded/lib/ruby/gems/2.3.0/gems/chef-12.17.44/lib/chef/resource_collection/resource_list.rb:94:in `block in execute_each_resource'
/opt/chef/embedded/lib/ruby/gems/2.3.0/gems/chef-12.17.44/lib/chef/resource_collection/stepable_iterator.rb:114:in `call_iterator_block'
/opt/chef/embedded/lib/ruby/gems/2.3.0/gems/chef-12.17.44/lib/chef/resource_collection/stepable_iterator.rb:85:in `step'
/opt/chef/embedded/lib/ruby/gems/2.3.0/gems/chef-12.17.44/lib/chef/resource_collection/stepable_iterator.rb:103:in `iterate'
/opt/chef/embedded/lib/ruby/gems/2.3.0/gems/chef-12.17.44/lib/chef/resource_collection/stepable_iterator.rb:55:in `each_with_index'
/opt/chef/embedded/lib/ruby/gems/2.3.0/gems/chef-12.17.44/lib/chef/resource_collection/resource_list.rb:92:in `execute_each_resource'
/opt/chef/embedded/lib/ruby/gems/2.3.0/gems/chef-12.17.44/lib/chef/runner.rb:96:in `converge'
/opt/chef/embedded/lib/ruby/gems/2.3.0/gems/chef-12.17.44/lib/chef/client.rb:670:in `block in converge'
/opt/chef/embedded/lib/ruby/gems/2.3.0/gems/chef-12.17.44/lib/chef/client.rb:665:in `catch'
/opt/chef/embedded/lib/ruby/gems/2.3.0/gems/chef-12.17.44/lib/chef/client.rb:665:in `converge'
/opt/chef/embedded/lib/ruby/gems/2.3.0/gems/chef-12.17.44/lib/chef/client.rb:704:in `converge_and_save'
/opt/chef/embedded/lib/ruby/gems/2.3.0/gems/chef-12.17.44/lib/chef/client.rb:284:in `run'
/opt/chef/embedded/lib/ruby/gems/2.3.0/gems/chef-12.17.44/lib/chef/application.rb:294:in `block in fork_chef_client'
/opt/chef/embedded/lib/ruby/gems/2.3.0/gems/chef-12.17.44/lib/chef/application.rb:282:in `fork'
/opt/chef/embedded/lib/ruby/gems/2.3.0/gems/chef-12.17.44/lib/chef/application.rb:282:in `fork_chef_client'
/opt/chef/embedded/lib/ruby/gems/2.3.0/gems/chef-12.17.44/lib/chef/application.rb:247:in `block in run_chef_client'
/opt/chef/embedded/lib/ruby/gems/2.3.0/gems/chef-12.17.44/lib/chef/local_mode.rb:44:in `with_server_connectivity'
/opt/chef/embedded/lib/ruby/gems/2.3.0/gems/chef-12.17.44/lib/chef/application.rb:235:in `run_chef_client'
/opt/chef/embedded/lib/ruby/gems/2.3.0/gems/chef-12.17.44/lib/chef/application/client.rb:464:in `sleep_then_run_chef_client'
/opt/chef/embedded/lib/ruby/gems/2.3.0/gems/chef-12.17.44/lib/chef/application/client.rb:451:in `block in interval_run_chef_client'
/opt/chef/embedded/lib/ruby/gems/2.3.0/gems/chef-12.17.44/lib/chef/application/client.rb:450:in `loop'
/opt/chef/embedded/lib/ruby/gems/2.3.0/gems/chef-12.17.44/lib/chef/application/client.rb:450:in `interval_run_chef_client'
/opt/chef/embedded/lib/ruby/gems/2.3.0/gems/chef-12.17.44/lib/chef/application/client.rb:434:in `run_application'
/opt/chef/embedded/lib/ruby/gems/2.3.0/gems/chef-12.17.44/lib/chef/application.rb:59:in `run'
/opt/chef/embedded/lib/ruby/gems/2.3.0/gems/chef-12.17.44/bin/chef-client:26:in `<top (required)>'
/bin/chef-client:57:in `load'
/bin/chef-client:57:in `<main>'

>>>> Caused by Mixlib::ShellOut::ShellCommandFailed: Expected process to exit with [0], but received '1'
---- Begin output of "bash"  "/tmp/chef-script20170316-32513-1cmsxxr" ----
STDOUT: 
STDERR: /opt/chef/embedded/lib/ruby/gems/2.3.0/gems/mixlib-shellout-2.2.7/lib/mixlib/shellout/unix.rb:183:in `chdir': No such file or directory @ dir_chdir - /root/zipcook/recipes/ (Errno::ENOENT)
	from /opt/chef/embedded/lib/ruby/gems/2.3.0/gems/mixlib-shellout-2.2.7/lib/mixlib/shellout/unix.rb:183:in `set_cwd'
	from /opt/chef/embedded/lib/ruby/gems/2.3.0/gems/mixlib-shellout-2.2.7/lib/mixlib/shellout/unix.rb:335:in `block in fork_subprocess'
	from /opt/chef/embedded/lib/ruby/gems/2.3.0/gems/mixlib-shellout-2.2.7/lib/mixlib/shellout/unix.rb:316:in `fork'
	from /opt/chef/embedded/lib/ruby/gems/2.3.0/gems/mixlib-shellout-2.2.7/lib/mixlib/shellout/unix.rb:316:in `fork_subprocess'
	from /opt/chef/embedded/lib/ruby/gems/2.3.0/gems/mixlib-shellout-2.2.7/lib/mixlib/shellout/unix.rb:93:in `run_command'
	from /opt/chef/embedded/lib/ruby/gems/2.3.0/gems/mixlib-shellout-2.2.7/lib/mixlib/shellout.rb:259:in `run_command'
	from /opt/chef/embedded/lib/ruby/gems/2.3.0/gems/chef-12.17.44/lib/chef/mixin/shell_out.rb:116:in `shell_out_command'
	from /opt/chef/embedded/lib/ruby/gems/2.3.0/gems/chef-12.17.44/lib/chef/mixin/shell_out.rb:39:in `shell_out'
	from /opt/chef/embedded/lib/ruby/gems/2.3.0/gems/chef-12.17.44/lib/chef/mixin/shell_out.rb:44:in `shell_out!'
	from /opt/chef/embedded/lib/ruby/gems/2.3.0/gems/chef-12.17.44/lib/chef/provider/execute.rb:62:in `block in action_run'
	from /opt/chef/embedded/lib/ruby/gems/2.3.0/gems/chef-12.17.44/lib/chef/mixin/why_run.rb:52:in `add_action'
	from /opt/chef/embedded/lib/ruby/gems/2.3.0/gems/chef-12.17.44/lib/chef/provider.rb:176:in `converge_by'
	from /opt/chef/embedded/lib/ruby/gems/2.3.0/gems/chef-12.17.44/lib/chef/provider/execute.rb:60:in `action_run'
	from /opt/chef/embedded/lib/ruby/gems/2.3.0/gems/chef-12.17.44/lib/chef/provider/script.rb:63:in `action_run'
	from /opt/chef/embedded/lib/ruby/gems/2.3.0/gems/chef-12.17.44/lib/chef/provider.rb:145:in `run_action'
	from /opt/chef/embedded/lib/ruby/gems/2.3.0/gems/chef-12.17.44/lib/chef/resource.rb:622:in `run_action'
	from /opt/chef/embedded/lib/ruby/gems/2.3.0/gems/chef-12.17.44/lib/chef/runner.rb:69:in `run_action'
	from /opt/chef/embedded/lib/ruby/gems/2.3.0/gems/chef-12.17.44/lib/chef/runner.rb:97:in `block (2 levels) in converge'
	from /opt/chef/embedded/lib/ruby/gems/2.3.0/gems/chef-12.17.44/lib/chef/runner.rb:97:in `each'
	from /opt/chef/embedded/lib/ruby/gems/2.3.0/gems/chef-12.17.44/lib/chef/runner.rb:97:in `block in converge'
	from /opt/chef/embedded/lib/ruby/gems/2.3.0/gems/chef-12.17.44/lib/chef/resource_collection/resource_list.rb:94:in `block in execute_each_resource'
	from /opt/chef/embedded/lib/ruby/gems/2.3.0/gems/chef-12.17.44/lib/chef/resource_collection/stepable_iterator.rb:114:in `call_iterator_block'
	from /opt/chef/embedded/lib/ruby/gems/2.3.0/gems/chef-12.17.44/lib/chef/resource_collection/stepable_iterator.rb:85:in `step'
	from /opt/chef/embedded/lib/ruby/gems/2.3.0/gems/chef-12.17.44/lib/chef/resource_collection/stepable_iterator.rb:103:in `iterate'
	from /opt/chef/embedded/lib/ruby/gems/2.3.0/gems/chef-12.17.44/lib/chef/resource_collection/stepable_iterator.rb:55:in `each_with_index'
	from /opt/chef/embedded/lib/ruby/gems/2.3.0/gems/chef-12.17.44/lib/chef/resource_collection/resource_list.rb:92:in `execute_each_resource'
	from /opt/chef/embedded/lib/ruby/2.3.0/forwardable.rb:189:in `execute_each_resource'
	from /opt/chef/embedded/lib/ruby/gems/2.3.0/gems/chef-12.17.44/lib/chef/runner.rb:96:in `converge'
	from /opt/chef/embedded/lib/ruby/gems/2.3.0/gems/chef-12.17.44/lib/chef/client.rb:670:in `block in converge'
	from /opt/chef/embedded/lib/ruby/gems/2.3.0/gems/chef-12.17.44/lib/chef/client.rb:665:in `catch'
	from /opt/chef/embedded/lib/ruby/gems/2.3.0/gems/chef-12.17.44/lib/chef/client.rb:665:in `converge'
	from /opt/chef/embedded/lib/ruby/gems/2.3.0/gems/chef-12.17.44/lib/chef/client.rb:704:in `converge_and_save'
	from /opt/chef/embedded/lib/ruby/gems/2.3.0/gems/chef-12.17.44/lib/chef/client.rb:284:in `run'
	from /opt/chef/embedded/lib/ruby/gems/2.3.0/gems/chef-12.17.44/lib/chef/application.rb:294:in `block in fork_chef_client'
	from /opt/chef/embedded/lib/ruby/gems/2.3.0/gems/chef-12.17.44/lib/chef/application.rb:282:in `fork'
	from /opt/chef/embedded/lib/ruby/gems/2.3.0/gems/chef-12.17.44/lib/chef/application.rb:282:in `fork_chef_client'
	from /opt/chef/embedded/lib/ruby/gems/2.3.0/gems/chef-12.17.44/lib/chef/application.rb:247:in `block in run_chef_client'
	from /opt/chef/embedded/lib/ruby/gems/2.3.0/gems/chef-12.17.44/lib/chef/local_mode.rb:44:in `with_server_connectivity'
	from /opt/chef/embedded/lib/ruby/gems/2.3.0/gems/chef-12.17.44/lib/chef/application.rb:235:in `run_chef_client'
	from /opt/chef/embedded/lib/ruby/gems/2.3.0/gems/chef-12.17.44/lib/chef/application/client.rb:464:in `sleep_then_run_chef_client'
	from /opt/chef/embedded/lib/ruby/gems/2.3.0/gems/chef-12.17.44/lib/chef/application/client.rb:451:in `block in interval_run_chef_client'
	from /opt/chef/embedded/lib/ruby/gems/2.3.0/gems/chef-12.17.44/lib/chef/application/client.rb:450:in `loop'
	from /opt/chef/embedded/lib/ruby/gems/2.3.0/gems/chef-12.17.44/lib/chef/application/client.rb:450:in `interval_run_chef_client'
	from /opt/chef/embedded/lib/ruby/gems/2.3.0/gems/chef-12.17.44/lib/chef/application/client.rb:434:in `run_application'
	from /opt/chef/embedded/lib/ruby/gems/2.3.0/gems/chef-12.17.44/lib/chef/application.rb:59:in `run'
	from /opt/chef/embedded/lib/ruby/gems/2.3.0/gems/chef-12.17.44/bin/chef-client:26:in `<top (required)>'
	from /bin/chef-client:57:in `load'
	from /bin/chef-client:57:in `<main>'
---- End output of "bash"  "/tmp/chef-script20170316-32513-1cmsxxr" ----
Ran "bash"  "/tmp/chef-script20170316-32513-1cmsxxr" returned 1
/opt/chef/embedded/lib/ruby/gems/2.3.0/gems/mixlib-shellout-2.2.7/lib/mixlib/shellout.rb:289:in `invalid!'
/opt/chef/embedded/lib/ruby/gems/2.3.0/gems/mixlib-shellout-2.2.7/lib/mixlib/shellout.rb:276:in `error!'
/opt/chef/embedded/lib/ruby/gems/2.3.0/gems/chef-12.17.44/lib/chef/mixin/shell_out.rb:45:in `shell_out!'
/opt/chef/embedded/lib/ruby/gems/2.3.0/gems/chef-12.17.44/lib/chef/provider/execute.rb:62:in `block in action_run'
/opt/chef/embedded/lib/ruby/gems/2.3.0/gems/chef-12.17.44/lib/chef/mixin/why_run.rb:52:in `add_action'
/opt/chef/embedded/lib/ruby/gems/2.3.0/gems/chef-12.17.44/lib/chef/provider.rb:176:in `converge_by'
/opt/chef/embedded/lib/ruby/gems/2.3.0/gems/chef-12.17.44/lib/chef/provider/execute.rb:60:in `action_run'
/opt/chef/embedded/lib/ruby/gems/2.3.0/gems/chef-12.17.44/lib/chef/provider/script.rb:63:in `action_run'
/opt/chef/embedded/lib/ruby/gems/2.3.0/gems/chef-12.17.44/lib/chef/provider.rb:145:in `run_action'
/opt/chef/embedded/lib/ruby/gems/2.3.0/gems/chef-12.17.44/lib/chef/resource.rb:622:in `run_action'
/opt/chef/embedded/lib/ruby/gems/2.3.0/gems/chef-12.17.44/lib/chef/runner.rb:69:in `run_action'
/opt/chef/embedded/lib/ruby/gems/2.3.0/gems/chef-12.17.44/lib/chef/runner.rb:97:in `block (2 levels) in converge'
/opt/chef/embedded/lib/ruby/gems/2.3.0/gems/chef-12.17.44/lib/chef/runner.rb:97:in `each'
/opt/chef/embedded/lib/ruby/gems/2.3.0/gems/chef-12.17.44/lib/chef/runner.rb:97:in `block in converge'
/opt/chef/embedded/lib/ruby/gems/2.3.0/gems/chef-12.17.44/lib/chef/resource_collection/resource_list.rb:94:in `block in execute_each_resource'
/opt/chef/embedded/lib/ruby/gems/2.3.0/gems/chef-12.17.44/lib/chef/resource_collection/stepable_iterator.rb:114:in `call_iterator_block'
/opt/chef/embedded/lib/ruby/gems/2.3.0/gems/chef-12.17.44/lib/chef/resource_collection/stepable_iterator.rb:85:in `step'
/opt/chef/embedded/lib/ruby/gems/2.3.0/gems/chef-12.17.44/lib/chef/resource_collection/stepable_iterator.rb:103:in `iterate'
/opt/chef/embedded/lib/ruby/gems/2.3.0/gems/chef-12.17.44/lib/chef/resource_collection/stepable_iterator.rb:55:in `each_with_index'
/opt/chef/embedded/lib/ruby/gems/2.3.0/gems/chef-12.17.44/lib/chef/resource_collection/resource_list.rb:92:in `execute_each_resource'
/opt/chef/embedded/lib/ruby/gems/2.3.0/gems/chef-12.17.44/lib/chef/runner.rb:96:in `converge'
/opt/chef/embedded/lib/ruby/gems/2.3.0/gems/chef-12.17.44/lib/chef/client.rb:670:in `block in converge'
/opt/chef/embedded/lib/ruby/gems/2.3.0/gems/chef-12.17.44/lib/chef/client.rb:665:in `catch'
/opt/chef/embedded/lib/ruby/gems/2.3.0/gems/chef-12.17.44/lib/chef/client.rb:665:in `converge'
/opt/chef/embedded/lib/ruby/gems/2.3.0/gems/chef-12.17.44/lib/chef/client.rb:704:in `converge_and_save'
/opt/chef/embedded/lib/ruby/gems/2.3.0/gems/chef-12.17.44/lib/chef/client.rb:284:in `run'
/opt/chef/embedded/lib/ruby/gems/2.3.0/gems/chef-12.17.44/lib/chef/application.rb:294:in `block in fork_chef_client'
/opt/chef/embedded/lib/ruby/gems/2.3.0/gems/chef-12.17.44/lib/chef/application.rb:282:in `fork'
/opt/chef/embedded/lib/ruby/gems/2.3.0/gems/chef-12.17.44/lib/chef/application.rb:282:in `fork_chef_client'
/opt/chef/embedded/lib/ruby/gems/2.3.0/gems/chef-12.17.44/lib/chef/application.rb:247:in `block in run_chef_client'
/opt/chef/embedded/lib/ruby/gems/2.3.0/gems/chef-12.17.44/lib/chef/local_mode.rb:44:in `with_server_connectivity'
/opt/chef/embedded/lib/ruby/gems/2.3.0/gems/chef-12.17.44/lib/chef/application.rb:235:in `run_chef_client'
/opt/chef/embedded/lib/ruby/gems/2.3.0/gems/chef-12.17.44/lib/chef/application/client.rb:464:in `sleep_then_run_chef_client'
/opt/chef/embedded/lib/ruby/gems/2.3.0/gems/chef-12.17.44/lib/chef/application/client.rb:451:in `block in interval_run_chef_client'
/opt/chef/embedded/lib/ruby/gems/2.3.0/gems/chef-12.17.44/lib/chef/application/client.rb:450:in `loop'
/opt/chef/embedded/lib/ruby/gems/2.3.0/gems/chef-12.17.44/lib/chef/application/client.rb:450:in `interval_run_chef_client'
/opt/chef/embedded/lib/ruby/gems/2.3.0/gems/chef-12.17.44/lib/chef/application/client.rb:434:in `run_application'
/opt/chef/embedded/lib/ruby/gems/2.3.0/gems/chef-12.17.44/lib/chef/application.rb:59:in `run'
/opt/chef/embedded/lib/ruby/gems/2.3.0/gems/chef-12.17.44/bin/chef-client:26:in `<top (required)>'
/bin/chef-client:57:in `load'
/bin/chef-client:57:in `<main>'